Archive:  contest_and_teams.zip
   creating: contest/bin/
   creating: contest/layouts/
   creating: contest/teams/
  inflating: contest/graphicsDisplay.py  
  inflating: contest/game.py         
  inflating: contest/mazeGenerator.py  
  inflating: contest/baselineTeam.py  
  inflating: contest/autograder.py   
  inflating: contest/testClasses.py  
  inflating: contest/bracket.png     
  inflating: contest/testParser.py   
  inflating: contest/capture_the_flag.png  
  inflating: contest/generateTournamentLayouts.py  
  inflating: contest/captureGraphicsDisplay.py  
  inflating: contest/graphicsUtils.py  
  inflating: contest/contestLayout.png  
  inflating: contest/util.py         
  inflating: contest/pacmanAgents.py  
  inflating: contest/VERSION         
  inflating: contest/unpack.py       
  inflating: contest/textDisplay.py  
  inflating: contest/projects.css    
  inflating: contest/layout.py       
  inflating: contest/captureAgents.py  
  inflating: contest/distanceCalculator.py  
  inflating: contest/myTeam.py       
  inflating: contest/pacman.py       
  inflating: contest/contest.html    
  inflating: contest/keyboardAgents.py  
  inflating: contest/capture.py      
  inflating: contest/capture_the_flag2.png  
  inflating: contest/ghostAgents.py  
  inflating: contest/layouts/fastCapture.lay  
  inflating: contest/layouts/contest15cCapture.lay  
  inflating: contest/layouts/contest14Capture.lay  
  inflating: contest/layouts/contest17Capture.lay  
  inflating: contest/layouts/testCapture.lay  
  inflating: contest/layouts/crowdedCapture.lay  
  inflating: contest/layouts/contest20Capture.lay  
  inflating: contest/layouts/contest20cCapture.lay  
  inflating: contest/layouts/defaultCapture.lay  
  inflating: contest/layouts/contest18Capture.lay  
  inflating: contest/layouts/contest03Capture.lay  
  inflating: contest/layouts/contest07Capture.lay  
  inflating: contest/layouts/contest13Capture.lay  
  inflating: contest/layouts/contest04cCapture.lay  
  inflating: contest/layouts/contest05cCapture.lay  
  inflating: contest/layouts/contest16cCapture.lay  
  inflating: contest/layouts/contest16Capture.lay  
  inflating: contest/layouts/distantCapture.lay  
  inflating: contest/layouts/contest05Capture.lay  
  inflating: contest/layouts/contest07cCapture.lay  
  inflating: contest/layouts/mediumCapture.lay  
  inflating: contest/layouts/contest01Capture.lay  
  inflating: contest/layouts/contest17cCapture.lay  
  inflating: contest/layouts/contest10Capture.lay  
  inflating: contest/layouts/contest15Capture.lay  
  inflating: contest/layouts/officeCapture.lay  
  inflating: contest/layouts/contest06Capture.lay  
  inflating: contest/layouts/alleyCapture.lay  
  inflating: contest/layouts/contest04Capture.lay  
  inflating: contest/layouts/contest19Capture.lay  
  inflating: contest/layouts/contest11Capture.lay  
  inflating: contest/layouts/contest03cCapture.lay  
  inflating: contest/layouts/tinyCapture.lay  
  inflating: contest/layouts/contest12Capture.lay  
  inflating: contest/layouts/jumboCapture.lay  
  inflating: contest/layouts/contest18cCapture.lay  
  inflating: contest/layouts/contest02cCapture.lay  
  inflating: contest/layouts/contest02Capture.lay  
  inflating: contest/layouts/bloxCapture.lay  
  inflating: contest/layouts/contest09Capture.lay  
  inflating: contest/layouts/contest06cCapture.lay  
  inflating: contest/layouts/contest08Capture.lay  
  inflating: contest/layouts/contest01cCapture.lay  
  inflating: contest/layouts/strategicCapture.lay  
  inflating: contest/layouts/contest19cCapture.lay  
   creating: contest/teams/AccidentalIgloo/
   creating: contest/teams/BBC/
   creating: contest/teams/BetaGo/
   creating: contest/teams/Bugs_R_Features/
   creating: contest/teams/Drop_Squad/
   creating: contest/teams/Endless_Pacman/
   creating: contest/teams/Indeterminate/
   creating: contest/teams/It_depends/
   creating: contest/teams/JCNR/
   creating: contest/teams/LANNNAAAAAAAAAA/
   creating: contest/teams/Mew2King/
   creating: contest/teams/Pac_it_up/
   creating: contest/teams/Pac_it_up!/
   creating: contest/teams/Pacing_Heat/
   creating: contest/teams/Pacmaniac/
   creating: contest/teams/RTDB/
   creating: contest/teams/RationalAgents_/
   creating: contest/teams/Staff-9/
   creating: contest/teams/Staff-Top/
   creating: contest/teams/TASman/
   creating: contest/teams/TYGA_THUG/
   creating: contest/teams/Team_LastMinute/
   creating: contest/teams/Terminator_/
   creating: contest/teams/TodoWin/
   creating: contest/teams/Triple_Ds/
   creating: contest/teams/Triple_Epidemic/
   creating: contest/teams/Turing_Complete/
   creating: contest/teams/Wakka_Wakka/
   creating: contest/teams/Water-Bear/
   creating: contest/teams/WestWorld/
   creating: contest/teams/staff_team/
   creating: contest/teams/whatever/
  inflating: contest/teams/Endless_Pacman/group.txt  
  inflating: contest/teams/Endless_Pacman/README.txt  
  inflating: contest/teams/Endless_Pacman/myTeam.py  
  inflating: contest/teams/staff_team/problem1.pddl  
  inflating: contest/teams/staff_team/ff  
  inflating: contest/teams/staff_team/gmon.out  
  inflating: contest/teams/staff_team/solution3.txt  
  inflating: contest/teams/staff_team/solution0.txt  
  inflating: contest/teams/staff_team/domain.pddl  
  inflating: contest/teams/staff_team/__init__.py  
  inflating: contest/teams/staff_team/myTeam.py  
  inflating: contest/teams/staff_team/team.py  
  inflating: contest/teams/staff_team/solution1.txt  
  inflating: contest/teams/staff_team/problem2.pddl  
  inflating: contest/teams/staff_team/problem.pddl  
  inflating: contest/teams/staff_team/problem0.pddl  
  inflating: contest/teams/staff_team/solution2.txt  
  inflating: contest/teams/staff_team/problem3.pddl  
  inflating: contest/teams/TodoWin/myTeam2.py  
  inflating: contest/teams/TodoWin/MiniInterferTodoWin.py  
  inflating: contest/teams/TodoWin/DefMiniInterferTodoWin.pyc  
  inflating: contest/teams/TodoWin/baselineTeam.py  
  inflating: contest/teams/TodoWin/TodoWinHelpers.py  
  inflating: contest/teams/TodoWin/data.txt  
  inflating: contest/teams/TodoWin/myTeam2.pyc  
  inflating: contest/teams/TodoWin/baselineTeam.pyc  
  inflating: contest/teams/TodoWin/InterferenceTodoWin.pyc  
  inflating: contest/teams/TodoWin/contest-weights.txt  
  inflating: contest/teams/TodoWin/MiniInterferTodoWinNew.py  
  inflating: contest/teams/TodoWin/data-learning.txt  
  inflating: contest/teams/TodoWin/TodoWinSearch.py  
  inflating: contest/teams/TodoWin/GROUP.txt  
  inflating: contest/teams/TodoWin/TodoWinBaseAgent.py  
  inflating: contest/teams/TodoWin/TodoWinBaseAgent.pyc  
  inflating: contest/teams/TodoWin/README.txt  
  inflating: contest/teams/TodoWin/TodoWinSearch.pyc  
  inflating: contest/teams/TodoWin/contest-weights-def.txt  
  inflating: contest/teams/TodoWin/__init__.pyc  
  inflating: contest/teams/TodoWin/MiniInterferTodoWinE.pyc  
  inflating: contest/teams/TodoWin/__init__.py  
  inflating: contest/teams/TodoWin/myTeam.py  
  inflating: contest/teams/TodoWin/myTeam.pyc  
  inflating: contest/teams/TodoWin/TodoWinLearningAgent.py  
  inflating: contest/teams/TodoWin/DefMiniInterferTodoWin.py  
  inflating: contest/teams/TodoWin/InterferenceTodoWin.py  
  inflating: contest/teams/TodoWin/MiniInterferTodoWin.pyc  
  inflating: contest/teams/TodoWin/TodoWinHelpers.pyc  
  inflating: contest/teams/TodoWin/TodoWinLearningAgent.pyc  
  inflating: contest/teams/TodoWin/MiniInterferTodoWinE.py  
  inflating: contest/teams/TodoWin/MiniInterferTodoWinNew.pyc  
  inflating: contest/teams/JCNR/GROUP.txt  
  inflating: contest/teams/JCNR/README.txt  
  inflating: contest/teams/JCNR/myTeam_RL.py  
  inflating: contest/teams/JCNR/myTeam.py  
  inflating: contest/teams/JCNR/myTeam_AStar.py  
  inflating: contest/teams/RationalAgents_/GROUP.txt  
  inflating: contest/teams/RationalAgents_/README .txt  
  inflating: contest/teams/RationalAgents_/contest report.pdf  
  inflating: contest/teams/RationalAgents_/myTeam.py  
  inflating: contest/teams/Pac_it_up/group.txt  
  inflating: contest/teams/Pac_it_up/readme.txt  
  inflating: contest/teams/Pac_it_up/myTeam.py  
  inflating: contest/teams/Pac_it_up!/GROUP.txt  
  inflating: contest/teams/Pac_it_up!/README.txt  
  inflating: contest/teams/Pac_it_up!/myTeam.py  
  inflating: contest/teams/TASman/GROUP.txt  
  inflating: contest/teams/TASman/README.txt  
  inflating: contest/teams/TASman/myTeam.py  
  inflating: contest/teams/Water-Bear/GROUP.txt  
  inflating: contest/teams/Water-Bear/README.txt  
  inflating: contest/teams/Water-Bear/myTeam.py  
  inflating: contest/teams/Indeterminate/GROUP.txt  
  inflating: contest/teams/Indeterminate/README.txt  
  inflating: contest/teams/Indeterminate/myTeam.py  
  inflating: contest/teams/Bugs_R_Features/GROUP.txt  
  inflating: contest/teams/Bugs_R_Features/README.txt  
  inflating: contest/teams/Bugs_R_Features/myTeam.py  
  inflating: contest/teams/Pacing_Heat/GROUP.txt  
  inflating: contest/teams/Pacing_Heat/README.txt  
  inflating: contest/teams/Pacing_Heat/myTeam.py  
  inflating: contest/teams/Turing_Complete/readme.txt  
  inflating: contest/teams/Turing_Complete/team.txt  
  inflating: contest/teams/Turing_Complete/myTeam.py  
  inflating: contest/teams/WestWorld/GROUP.txt  
  inflating: contest/teams/WestWorld/README.txt  
  inflating: contest/teams/WestWorld/myTeam.py  
  inflating: contest/teams/LANNNAAAAAAAAAA/GROUP.txt  
  inflating: contest/teams/LANNNAAAAAAAAAA/README.txt  
  inflating: contest/teams/LANNNAAAAAAAAAA/myTeam.py  
  inflating: contest/teams/Wakka_Wakka/GROUP.txt  
  inflating: contest/teams/Wakka_Wakka/README.txt  
  inflating: contest/teams/Wakka_Wakka/myTeam.py  
  inflating: contest/teams/AccidentalIgloo/GROUP.txt  
  inflating: contest/teams/AccidentalIgloo/README.txt  
  inflating: contest/teams/AccidentalIgloo/myTeam.py  
  inflating: contest/teams/whatever/GROUP.txt  
  inflating: contest/teams/whatever/README.txt  
  inflating: contest/teams/whatever/myTeam.py  
  inflating: contest/teams/Team_LastMinute/GROUP.txt  
  inflating: contest/teams/Team_LastMinute/README.txt  
  inflating: contest/teams/Team_LastMinute/myTeam.py  
   creating: contest/teams/TYGA_THUG/__MACOSX/
  inflating: contest/teams/TYGA_THUG/GROUP.txt  
  inflating: contest/teams/TYGA_THUG/README.txt  
  inflating: contest/teams/TYGA_THUG/myTeam.py  
  inflating: contest/teams/TYGA_THUG/__MACOSX/._README.txt  
  inflating: contest/teams/TYGA_THUG/__MACOSX/._GROUP.txt  
  inflating: contest/teams/RTDB/group.txt  
  inflating: contest/teams/RTDB/readme.txt  
  inflating: contest/teams/RTDB/myTeam.py  
  inflating: contest/teams/Triple_Epidemic/GROUP.txt  
  inflating: contest/teams/Triple_Epidemic/README.txt  
  inflating: contest/teams/Triple_Epidemic/myTeam.py  
  inflating: contest/teams/Mew2King/GROUP.txt  
  inflating: contest/teams/Mew2King/README.txt  
  inflating: contest/teams/Mew2King/myTeam.py  
  inflating: contest/teams/Staff-9/group.txt  
  inflating: contest/teams/Staff-9/problem_ghost_eatpacman.pddl  
  inflating: contest/teams/Staff-9/ff  
  inflating: contest/teams/Staff-9/readme.txt  
  inflating: contest/teams/Staff-9/problem_pacman_eatghost.pddl  
  inflating: contest/teams/Staff-9/domain_pacman_contestpacman.pddl  
  inflating: contest/teams/Staff-9/problem_pacman_eatdot.pddl  
  inflating: contest/teams/Staff-9/domain_ghost_contestghost.pddl  
  inflating: contest/teams/Staff-9/myTeam.py  
  inflating: contest/teams/Staff-9/team.py  
  inflating: contest/teams/BBC/GROUP.txt  
  inflating: contest/teams/BBC/README.txt  
  inflating: contest/teams/BBC/myTeam.py  
  inflating: contest/teams/Pacmaniac/GROUP.txt  
  inflating: contest/teams/Pacmaniac/README.txt  
  inflating: contest/teams/Pacmaniac/myTeam.py  
  inflating: contest/teams/Drop_Squad/GROUP.txt  
  inflating: contest/teams/Drop_Squad/README.txt  
  inflating: contest/teams/Drop_Squad/myTeam.py  
  inflating: contest/teams/BetaGo/GROUP.txt  
  inflating: contest/teams/BetaGo/README.txt  
  inflating: contest/teams/BetaGo/myTeam.py  
  inflating: contest/teams/Triple_Ds/GROUP.txt  
  inflating: contest/teams/Triple_Ds/README.txt  
  inflating: contest/teams/Triple_Ds/myTeam.py  
  inflating: contest/teams/It_depends/GROUP.txt  
  inflating: contest/teams/It_depends/README.txt  
  inflating: contest/teams/It_depends/myTeam.py  
   creating: contest/teams/Staff-Top/pddl/
  inflating: contest/teams/Staff-Top/group.txt  
  inflating: contest/teams/Staff-Top/ff  
  inflating: contest/teams/Staff-Top/readme.txt  
  inflating: contest/teams/Staff-Top/myTeam.py  
  inflating: contest/teams/Staff-Top/pddl/pacman-domain.pddl  
  inflating: contest/teams/Staff-Top/pddl/pacman-problem02.pddl  
  inflating: contest/teams/Staff-Top/pddl/ghost-problem01.pddl  
  inflating: contest/teams/Staff-Top/pddl/ghost-domain.pddl  
  inflating: contest/teams/Staff-Top/pddl/.DS_Store  
  inflating: contest/teams/Staff-Top/pddl/ghost-problem02.pddl  
  inflating: contest/teams/Staff-Top/pddl/pacman-problem01.pddl  
  inflating: contest/teams/Terminator_/GROUP.txt  
  inflating: contest/teams/Terminator_/README.txt  
  inflating: contest/teams/Terminator_/myTeam.py  
  inflating: contest/bin/ff          

Red team teams/BetaGo/myTeam.py with {}:
Loading Team: teams/BetaGo/myTeam.py
Arguments: {}

Blue team teams/It_depends/myTeam.py with {}:
Loading Team: teams/It_depends/myTeam.py
Arguments: {}
2
Blue team starts
Time is up.
The Red team wins by 19 points.
recorded

